Assignment 1: Enumeration N
v
 [[ 1.9  0.6 -2.8]
 [ 1.5  0.5 -2. ]]
step=3
   k=1  k=2    f  k optim
1  1.9  1.5  1.9      1.0
2  0.6  0.5  0.6      1.0
3 -2.8 -2.0 -2.0      2.0
step=2
    k=1   k=2     f  k optim
1  2.63  1.45  2.63      1.0
2  1.72 -0.07  1.72      1.0
3 -3.63 -3.35 -3.35      2.0
step=1
    k=1   k=2     f  k optim
1  3.06  1.47  3.06      1.0
2  2.36 -0.22  2.36      1.0
3 -4.03 -4.24 -4.03      1.0

Maximum expected revenue: 3.06, table:
    k=1   k=2     f  k optim
1  3.06  1.47  3.06      1.0
2  2.36 -0.22  2.36      1.0
3 -4.03 -4.24 -4.03      1.0
----------------------------------------------------------
Assignment 2: Enumeration Inf
s: 1, 000
 v: [ 1.9  0.6 -2.8]
 P
 [[0.5 0.3 0.2]
 [0.6 0.3 0.1]
 [0.1 0.3 0.6]]
 R
 [[ 3  2 -1]
 [ 1  1 -3]
 [ 2  0 -5]]
 System:
 A
 [[-0.5  0.6  0.1]
 [ 0.3 -0.7  0.3]
 [ 1.   1.   1. ]]
 b
 [0. 0. 1.]
 solve: [0.42 0.3  0.28]
 E: 0.18
s: 2, 001
 v: [ 1.9  0.6 -2. ]
 P
 [[0.5 0.3 0.2]
 [0.6 0.3 0.1]
 [0.1 0.1 0.8]]
 R
 [[ 3  2 -1]
 [ 1  1 -3]
 [ 3  1 -3]]
 System:
 A
 [[-0.5  0.6  0.1]
 [ 0.3 -0.7  0.1]
 [ 1.   1.   1. ]]
 b
 [0. 0. 1.]
 solve: [0.34 0.21 0.45]
 E: -0.12
s: 3, 010
 v: [ 1.9  0.5 -2.8]
 P
 [[0.5 0.3 0.2]
 [0.1 0.4 0.5]
 [0.1 0.3 0.6]]
 R
 [[ 3  2 -1]
 [ 2  2 -1]
 [ 2  0 -5]]
 System:
 A
 [[-0.5  0.1  0.1]
 [ 0.3 -0.6  0.3]
 [ 1.   1.   1. ]]
 b
 [0. 0. 1.]
 solve: [0.17 0.33 0.5 ]
 E: -0.92
s: 4, 011
 v: [ 1.9  0.5 -2. ]
 P
 [[0.5 0.3 0.2]
 [0.1 0.4 0.5]
 [0.1 0.1 0.8]]
 R
 [[ 3  2 -1]
 [ 2  2 -1]
 [ 3  1 -3]]
 System:
 A
 [[-0.5  0.1  0.1]
 [ 0.3 -0.6  0.1]
 [ 1.   1.   1. ]]
 b
 [0. 0. 1.]
 solve: [0.17 0.19 0.64]
 E: -0.87
s: 5, 100
 v: [ 1.5  0.6 -2.8]
 P
 [[0.3 0.3 0.4]
 [0.6 0.3 0.1]
 [0.1 0.3 0.6]]
 R
 [[ 4  1  0]
 [ 1  1 -3]
 [ 2  0 -5]]
 System:
 A
 [[-0.7  0.6  0.1]
 [ 0.3 -0.7  0.3]
 [ 1.   1.   1. ]]
 b
 [0. 0. 1.]
 solve: [0.31 0.3  0.39]
 E: -0.44
s: 6, 101
 v: [ 1.5  0.6 -2. ]
 P
 [[0.3 0.3 0.4]
 [0.6 0.3 0.1]
 [0.1 0.1 0.8]]
 R
 [[ 4  1  0]
 [ 1  1 -3]
 [ 3  1 -3]]
 System:
 A
 [[-0.7  0.6  0.1]
 [ 0.3 -0.7  0.1]
 [ 1.   1.   1. ]]
 b
 [0. 0. 1.]
 solve: [0.24 0.19 0.57]
 E: -0.68
s: 7, 110
 v: [ 1.5  0.5 -2.8]
 P
 [[0.3 0.3 0.4]
 [0.1 0.4 0.5]
 [0.1 0.3 0.6]]
 R
 [[ 4  1  0]
 [ 2  2 -1]
 [ 2  0 -5]]
 System:
 A
 [[-0.7  0.1  0.1]
 [ 0.3 -0.6  0.3]
 [ 1.   1.   1. ]]
 b
 [0. 0. 1.]
 solve: [0.13 0.33 0.54]
 E: -1.16
s: 8, 111
 v: [ 1.5  0.5 -2. ]
 P
 [[0.3 0.3 0.4]
 [0.1 0.4 0.5]
 [0.1 0.1 0.8]]
 R
 [[ 4  1  0]
 [ 2  2 -1]
 [ 3  1 -3]]
 System:
 A
 [[-0.7  0.1  0.1]
 [ 0.3 -0.6  0.1]
 [ 1.   1.   1. ]]
 b
 [0. 0. 1.]
 solve: [0.13 0.18 0.7 ]
 E: -1.12

best strategy: 1, E=0.18 Table
  binary                 v               solve     E
1    000  [1.9, 0.6, -2.8]   [0.42, 0.3, 0.28]  0.18
2    001  [1.9, 0.6, -2.0]  [0.34, 0.21, 0.45] -0.12
3    010  [1.9, 0.5, -2.8]   [0.17, 0.33, 0.5] -0.92
4    011  [1.9, 0.5, -2.0]  [0.17, 0.19, 0.64] -0.87
5    100  [1.5, 0.6, -2.8]   [0.31, 0.3, 0.39] -0.44
6    101  [1.5, 0.6, -2.0]  [0.24, 0.19, 0.57] -0.68
7    110  [1.5, 0.5, -2.8]  [0.13, 0.33, 0.54] -1.16
8    111  [1.5, 0.5, -2.0]   [0.13, 0.18, 0.7] -1.12
----------------------------------------------------------
Assignment 3: Iteration without Discont
v original:
 [[ 1.9  0.6 -2.8]
 [ 1.5  0.5 -2. ]]
Iter=1, strategy: 000
 v: [ 1.9  0.6 -2.8]
 P
 [[0.5 0.3 0.2]
 [0.6 0.3 0.1]
 [0.1 0.3 0.6]]
 R
 [[ 3  2 -1]
 [ 1  1 -3]
 [ 2  0 -5]]
 System:
 A
 [[ 0.5 -0.3  1. ]
 [-0.6  0.7  1. ]
 [-0.1 -0.3  1. ]]
 b
 [ 1.9  0.6 -2.8]
 solve: [7.83 7.32 0.  ], E=0.18
     k=1   k=2     f  k optim
1  8.01  6.05  8.01      1.0
2  7.50  4.21  7.50      1.0
3  0.18 -0.48  0.18      1.0

Best strategy: 000, E=0.18, Table:
    Iter Strategy     E
1     1      000  0.18
----------------------------------------------------------
Assignment 4: Iteration with Discont
v original:
 [[ 1.9  0.6 -2.8]
 [ 1.5  0.5 -2. ]]
Iter=1, strategy: 000
 v: [ 1.9  0.6 -2.8]
 P
 [[0.5 0.3 0.2]
 [0.6 0.3 0.1]
 [0.1 0.3 0.6]]
 R
 [[ 3  2 -1]
 [ 1  1 -3]
 [ 2  0 -5]]
 System:
 A
 [[ 0.65 -0.21 -0.14]
 [-0.42  0.79 -0.07]
 [-0.07 -0.21  0.58]]
 b
 [ 1.9  0.6 -2.8]
 solve: [ 2.7   1.85 -3.83]
     k=1   k=2     f  k optim
1  2.70  1.38  2.70      1.0
2  1.85 -0.13  1.85      1.0
3 -3.83 -3.83 -3.83      2.0
Iter=2, strategy: 001
 v: [ 1.9  0.6 -2. ]
 P
 [[0.5 0.3 0.2]
 [0.6 0.3 0.1]
 [0.1 0.1 0.8]]
 R
 [[ 3  2 -1]
 [ 1  1 -3]
 [ 3  1 -3]]
 System:
 A
 [[ 0.65 -0.21 -0.14]
 [-0.42  0.79 -0.07]
 [-0.07 -0.07  0.44]]
 b
 [ 1.9  0.6 -2. ]
 solve: [ 2.7   1.86 -3.82]
     k=1   k=2     f  k optim
1  2.70  1.39  2.70      1.0
2  1.86 -0.13  1.86      1.0
3 -3.83 -3.82 -3.82      2.0

Best strategy: 001, Maximum expected revenue: 0.74, Table:
    Iter Strategy
1     1      000
2     2      001
----------------------------------------------------------
Assignment 5: Simplex method without Discont
v:
 [[ 1.9  0.6 -2.8]
 [ 1.5  0.5 -2. ]]
change basis:
    x1   x2   x3   x4   x5   x6    b
z  1.9  1.5  0.6  0.5 -2.8 -2.0  NaN
1  0.5  0.7 -0.6 -0.1 -0.1 -0.1  0.0
2 -0.3 -0.3  0.7  0.6 -0.3 -0.1  0.0
3  1.0  1.0  1.0  1.0  1.0  1.0  1.0

    x1    x2    x3    x4    x5    x6    b
z  1.9  1.50  0.60  0.50 -2.80 -2.00  NaN
1  1.0  1.40 -1.20 -0.20 -0.20 -0.20  0.0
2  0.0  0.12  0.34  0.54 -0.36 -0.16  0.0
3  0.0 -0.40  2.20  1.20  1.20  1.20  1.0

    x1   x2      x3   x4   x5      x6    b
z  1.9  1.5  0.6000  0.5 -2.8 -2.0000  NaN
1  1.0  0.0 -5.1667 -6.5  4.0  1.6667  0.0
2  0.0  1.0  2.8333  4.5 -3.0 -1.3333  0.0
3  0.0  0.0  3.3333  3.0  0.0  0.6667  1.0

    x1   x2   x3    x4   x5   x6     b
z  1.9  1.5  0.6  0.50 -2.8 -2.0   NaN
1  1.0  0.0  0.0 -1.85  4.0  2.7  1.55
2  0.0  1.0  0.0  1.95 -3.0 -1.9 -0.85
3  0.0  0.0  1.0  0.90  0.0  0.2  0.30
With basic vectors:
     x1      x2   x3    x4   x5      x6       b
z   1.9  1.5000  0.6  0.50 -2.8 -2.0000     NaN
x1  1.0  1.3333  0.0  0.75  0.0  0.1667  0.4167
x5 -0.0 -0.3333 -0.0 -0.65  1.0  0.6333  0.2833
x3  0.0  0.0000  1.0  0.90  0.0  0.2000  0.3000
With delta:
        x1      x2   x3     x4   x5      x6       b
z      1.9  1.5000  0.6  0.500 -2.8 -2.0000     NaN
x1     1.0  1.3333  0.0  0.750  0.0  0.1667  0.4167
x5    -0.0 -0.3333 -0.0 -0.650  1.0  0.6333  0.2833
x3     0.0  0.0000  1.0  0.900  0.0  0.2000  0.3000
delta  0.0  1.9667  0.0  3.285  0.0  0.6633  0.1783
solve=[0.42 0.   0.3  0.   0.28 0.  ], F=0.18
optim strategy: [1, 1, 1], E=0.18

----------------------------------------------------------
Assignment 6: Simplex method with Discont
v:
 [[ 1.9  0.6 -2.8]
 [ 1.5  0.5 -2. ]]
change basis:
     x1    x2    x3    x4    x5    x6    b
z  1.90  1.50  0.60  0.50 -2.80 -2.00  NaN
1  0.65  0.79 -0.42 -0.07 -0.07 -0.07  1.0
2 -0.21 -0.21  0.79  0.72 -0.21 -0.07  1.0
3 -0.14 -0.28 -0.07 -0.35  0.58  0.44  1.0

    x1      x2      x3      x4      x5      x6       b
z  1.9  1.5000  0.6000  0.5000 -2.8000 -2.0000     NaN
1  1.0  1.2154 -0.6462 -0.1077 -0.1077 -0.1077  1.5385
2  0.0  0.0452  0.6543  0.6974 -0.2326 -0.0926  1.3231
3  0.0 -0.1098 -0.1605 -0.3651  0.5649  0.4249  1.2154

    x1   x2       x3       x4      x5      x6        b
z  1.9  1.5   0.6000   0.5000 -2.8000 -2.0000      NaN
1  1.0  0.0 -18.2279 -18.8469  6.1429  2.3810 -34.0136
2  0.0  1.0  14.4660  15.4184 -5.1429 -2.0476  29.2517
3  0.0  0.0   1.4286   1.3286 -0.0000  0.2000   4.4286

    x1   x2   x3     x4      x5      x6        b
z  1.9  1.5  0.6  0.500 -2.8000 -2.0000      NaN
1  1.0  0.0  0.0 -1.895  6.1429  4.9329  22.4929
2  0.0  1.0  0.0  1.965 -5.1429 -4.0729 -15.5929
3  0.0  0.0  1.0  0.930 -0.0000  0.1400   3.1000
With basic vectors:
     x1      x2   x3      x4   x5      x6       b
z   1.9  1.5000  0.6  0.5000 -2.8 -2.0000     NaN
x1  1.0  1.1944  0.0  0.4521  0.0  0.0681  3.8681
x5 -0.0 -0.1944 -0.0 -0.3821  1.0  0.7919  3.0319
x3  0.0 -0.0000  1.0  0.9300  0.0  0.1400  3.1000
With delta:
        x1      x2   x3      x4   x5      x6       b
z      1.9  1.5000  0.6  0.5000 -2.8 -2.0000     NaN
x1     1.0  1.1944  0.0  0.4521  0.0  0.0681  3.8681
x5    -0.0 -0.1944 -0.0 -0.3821  1.0  0.7919  3.0319
x3     0.0 -0.0000  1.0  0.9300  0.0  0.1400  3.1000
delta  0.0  1.3139  0.0  1.9868  0.0 -0.0041  0.7199
Iter=1
min delta: idx = 6, delta=-0.0
min Q: idx=2, Q=3.83
Current table
        x1      x2   x3      x4   x5      x6       b        Q
z      1.9  1.5000  0.6  0.5000 -2.8 -2.0000     NaN      NaN
x1     1.0  1.1944  0.0  0.4521  0.0  0.0681  3.8681  56.8367
x6    -0.0 -0.1944 -0.0 -0.3821  1.0  0.7919  3.0319   3.8285
x3     0.0 -0.0000  1.0  0.9300  0.0  0.1400  3.1000  22.1429
delta  0.0  1.3139  0.0  1.9868  0.0 -0.0041  0.7199      NaN
Current table with update delta
        x1      x2   x3      x4      x5   x6       b        Q
z      1.9  1.5000  0.6  0.5000 -2.8000 -2.0     NaN      NaN
x1     1.0  1.2112  0.0  0.4849 -0.0859  0.0  3.6075  56.8367
x6    -0.0 -0.2455 -0.0 -0.4825  1.2627  1.0  3.8285   3.8285
x3     0.0  0.0344  1.0  0.9975 -0.1768  0.0  2.5640  22.1429
delta  0.0  1.3129  0.0  1.9848  0.0052  0.0  0.7357      NaN
solve=[3.61 0.   2.56 0.   0.   3.83], F=0.74
optim strategy: [1, 1, 2], E=0.74

----------------------------------------------------------
